This is pdfTeX, Version 3.141592653-2.6-1.40.25 (TeX Live 2023) (preloaded format=pdflatex 2023.10.12)  23 OCT 2023 20:18
entering extended mode
 restricted \write18 enabled.
 file:line:error style messages enabled.
 %&-line parsing enabled.
**d:/code/machine_learning/DTree/latex/DTree.tex
(d:/code/machine_learning/DTree/latex/DTree.tex
LaTeX2e <2023-06-01> patch level 1
L3 programming layer <2023-10-10>
(d:/texlive/2023/texmf-dist/tex/latex/base/article.cls
Document Class: article 2023/05/17 v1.4n Standard LaTeX document class
(d:/texlive/2023/texmf-dist/tex/latex/base/size10.clo
File: size10.clo 2023/05/17 v1.4n Standard LaTeX file (size option)
)
\c@part=\count185
\c@section=\count186
\c@subsection=\count187
\c@subsubsection=\count188
\c@paragraph=\count189
\c@subparagraph=\count190
\c@figure=\count191
\c@table=\count192
\abovecaptionskip=\skip48
\belowcaptionskip=\skip49
\bibindent=\dimen140
) (d:/texlive/2023/texmf-dist/tex/latex/ctex/ctex.sty (d:/texlive/2023/texmf-dist/tex/latex/l3kernel/expl3.sty
Package: expl3 2023-10-10 L3 programming layer (loader) 
 (d:/texlive/2023/texmf-dist/tex/latex/l3backend/l3backend-pdftex.def
File: l3backend-pdftex.def 2023-10-10 L3 backend support: PDF output (pdfTeX)
\l__color_backend_stack_int=\count193
\l__pdf_internal_box=\box51
))
Package: ctex 2022/07/14 v2.5.10 Chinese adapter in LaTeX (CTEX)
 (d:/texlive/2023/texmf-dist/tex/latex/ctex/ctexhook.sty
Package: ctexhook 2022/07/14 v2.5.10 Document and package hooks (CTEX)
) (d:/texlive/2023/texmf-dist/tex/latex/ctex/ctexpatch.sty
Package: ctexpatch 2022/07/14 v2.5.10 Patching commands (CTEX)
) (d:/texlive/2023/texmf-dist/tex/latex/base/fix-cm.sty
Package: fix-cm 2020/11/24 v1.1t fixes to LaTeX
 (d:/texlive/2023/texmf-dist/tex/latex/base/ts1enc.def
File: ts1enc.def 2001/06/05 v3.0e (jk/car/fm) Standard LaTeX file
LaTeX Font Info:    Redeclaring font encoding TS1 on input line 47.
))
\l__ctex_tmp_int=\count194
\l__ctex_tmp_box=\box52
\l__ctex_tmp_dim=\dimen141
\g__ctex_section_depth_int=\count195
\g__ctex_font_size_int=\count196
 (d:/texlive/2023/texmf-dist/tex/latex/ctex/config/ctexopts.cfg
File: ctexopts.cfg 2022/07/14 v2.5.10 Option configuration file (CTEX)
)

Package ctex Warning: UTF8 will be used as the default encoding.

(d:/texlive/2023/texmf-dist/tex/latex/ctex/engine/ctex-engine-pdftex.def
File: ctex-engine-pdftex.def 2022/07/14 v2.5.10 (pdf)LaTeX adapter (CTEX)
 (d:/texlive/2023/texmf-dist/tex/latex/cjk/texinput/CJKutf8.sty
Package: CJKutf8 2021/10/16 4.8.5
 (d:/texlive/2023/texmf-dist/tex/generic/iftex/ifpdf.sty
Package: ifpdf 2019/10/25 v3.4 ifpdf legacy package. Use iftex instead.
 (d:/texlive/2023/texmf-dist/tex/generic/iftex/iftex.sty
Package: iftex 2022/02/03 v1.0f TeX engine tests
)) (d:/texlive/2023/texmf-dist/tex/latex/base/inputenc.sty
Package: inputenc 2021/02/14 v1.3d Input encoding file
\inpenc@prehook=\toks17
\inpenc@posthook=\toks18
) (d:/texlive/2023/texmf-dist/tex/latex/cjk/texinput/CJK.sty
Package: CJK 2021/10/16 4.8.5
 (d:/texlive/2023/texmf-dist/tex/latex/cjk/texinput/mule/MULEenc.sty
Package: MULEenc 2021/10/16 4.8.5
) (d:/texlive/2023/texmf-dist/tex/latex/cjk/texinput/CJK.enc
File: CJK.enc 2021/10/16 4.8.5
Now handling font encoding C00 ...
... no UTF-8 mapping file for font encoding C00
Now handling font encoding C05 ...
... no UTF-8 mapping file for font encoding C05
Now handling font encoding C09 ...
... no UTF-8 mapping file for font encoding C09
Now handling font encoding C10 ...
... no UTF-8 mapping file for font encoding C10
Now handling font encoding C20 ...
... no UTF-8 mapping file for font encoding C20
Now handling font encoding C19 ...
... no UTF-8 mapping file for font encoding C19
Now handling font encoding C40 ...
... no UTF-8 mapping file for font encoding C40
Now handling font encoding C42 ...
... no UTF-8 mapping file for font encoding C42
Now handling font encoding C43 ...
... no UTF-8 mapping file for font encoding C43
Now handling font encoding C50 ...
... no UTF-8 mapping file for font encoding C50
Now handling font encoding C52 ...
... no UTF-8 mapping file for font encoding C52
Now handling font encoding C49 ...
... no UTF-8 mapping file for font encoding C49
Now handling font encoding C60 ...
... no UTF-8 mapping file for font encoding C60
Now handling font encoding C61 ...
... no UTF-8 mapping file for font encoding C61
Now handling font encoding C63 ...
... no UTF-8 mapping file for font encoding C63
Now handling font encoding C64 ...
... no UTF-8 mapping file for font encoding C64
Now handling font encoding C65 ...
... no UTF-8 mapping file for font encoding C65
Now handling font encoding C70 ...
... no UTF-8 mapping file for font encoding C70
Now handling font encoding C31 ...
... no UTF-8 mapping file for font encoding C31
Now handling font encoding C32 ...
... no UTF-8 mapping file for font encoding C32
Now handling font encoding C33 ...
... no UTF-8 mapping file for font encoding C33
Now handling font encoding C34 ...
... no UTF-8 mapping file for font encoding C34
Now handling font encoding C35 ...
... no UTF-8 mapping file for font encoding C35
Now handling font encoding C36 ...
... no UTF-8 mapping file for font encoding C36
Now handling font encoding C37 ...
... no UTF-8 mapping file for font encoding C37
Now handling font encoding C80 ...
... no UTF-8 mapping file for font encoding C80
Now handling font encoding C81 ...
... no UTF-8 mapping file for font encoding C81
Now handling font encoding C01 ...
... no UTF-8 mapping file for font encoding C01
Now handling font encoding C11 ...
... no UTF-8 mapping file for font encoding C11
Now handling font encoding C21 ...
... no UTF-8 mapping file for font encoding C21
Now handling font encoding C41 ...
... no UTF-8 mapping file for font encoding C41
Now handling font encoding C62 ...
... no UTF-8 mapping file for font encoding C62
)
\CJK@indent=\box53
) (d:/texlive/2023/texmf-dist/tex/latex/base/fontenc.sty
Package: fontenc 2021/04/29 v2.0v Standard LaTeX package
)) (d:/texlive/2023/texmf-dist/tex/latex/cjkpunct/CJKpunct.sty
Package: CJKpunct 2016/05/14 4.8.4
\CJKpunct@cnta=\count197
\CJKpunct@cntb=\count198
\CJKpunct@cntc=\count199
\CJKpunct@cntd=\count266
\CJKpunct@cnte=\count267
   defining Unicode char U+2018 (decimal 8216)
   defining Unicode char U+2019 (decimal 8217)
   defining Unicode char U+201C (decimal 8220)
   defining Unicode char U+201D (decimal 8221)
   defining Unicode char U+2014 (decimal 8212)
   defining Unicode char U+2026 (decimal 8230)
 (d:/texlive/2023/texmf-dist/tex/latex/cjkpunct/CJKpunct.spa)) (d:/texlive/2023/texmf-dist/tex/latex/cjk/texinput/CJKspace.sty
Package: CJKspace 2021/10/16 3.8.0
) (d:/texlive/2023/texmf-dist/tex/latex/cjk/texinput/UTF8/UTF8.bdg
File: UTF8.bdg 2021/10/16 4.8.5
) (d:/texlive/2023/texmf-dist/tex/latex/ctex/ctexspa.def
File: ctexspa.def 2022/07/14 v2.5.10 Space info for CJKpunct (CTEX)
)
\ccwd=\dimen142
\l__ctex_ccglue_skip=\skip50
)
\l__ctex_ziju_dim=\dimen143
 (d:/texlive/2023/texmf-dist/tex/latex/zhnumber/zhnumber.sty
Package: zhnumber 2022/07/14 v3.0 Typesetting numbers with Chinese glyphs
\l__zhnum_scale_int=\count268
\l__zhnum_tmp_int=\count269
 (d:/texlive/2023/texmf-dist/tex/latex/zhnumber/zhnumber-utf8.cfg
File: zhnumber-utf8.cfg 2022/07/14 v3.0 Chinese numerals with UTF8 encoding
)) (d:/texlive/2023/texmf-dist/tex/latex/ctex/scheme/ctex-scheme-chinese.def
File: ctex-scheme-chinese.def 2022/07/14 v2.5.10 Chinese scheme for generic (CTEX)
 (d:/texlive/2023/texmf-dist/tex/latex/ctex/config/ctex-name-utf8.cfg
File: ctex-name-utf8.cfg 2022/07/14 v2.5.10 Caption with encoding UTF-8 (CTEX)
)) (d:/texlive/2023/texmf-dist/tex/latex/tools/indentfirst.sty
Package: indentfirst 1995/11/23 v1.03 Indent first paragraph (DPC)
) (d:/texlive/2023/texmf-dist/tex/latex/ctex/ctex-c5size.clo
File: ctex-c5size.clo 2022/07/14 v2.5.10 c5size option (CTEX)
) (d:/texlive/2023/texmf-dist/tex/latex/ctex/fontset/ctex-fontset-windows.def
File: ctex-fontset-windows.def 2022/07/14 v2.5.10 Windows fonts definition (CTEX)
)) (d:/texlive/2023/texmf-dist/tex/latex/ctex/config/ctex.cfg
File: ctex.cfg 2022/07/14 v2.5.10 Configuration file (CTEX)
) (d:/texlive/2023/texmf-dist/tex/latex/graphics/graphicx.sty
Package: graphicx 2021/09/16 v1.2d Enhanced LaTeX Graphics (DPC,SPQR)
 (d:/texlive/2023/texmf-dist/tex/latex/graphics/keyval.sty
Package: keyval 2022/05/29 v1.15 key=value parser (DPC)
\KV@toks@=\toks19
) (d:/texlive/2023/texmf-dist/tex/latex/graphics/graphics.sty
Package: graphics 2022/03/10 v1.4e Standard LaTeX Graphics (DPC,SPQR)
 (d:/texlive/2023/texmf-dist/tex/latex/graphics/trig.sty
Package: trig 2021/08/11 v1.11 sin cos tan (DPC)
) (d:/texlive/2023/texmf-dist/tex/latex/graphics-cfg/graphics.cfg
File: graphics.cfg 2016/06/04 v1.11 sample graphics configuration
)
Package graphics Info: Driver file: pdftex.def on input line 107.
 (d:/texlive/2023/texmf-dist/tex/latex/graphics-def/pdftex.def
File: pdftex.def 2022/09/22 v1.2b Graphics/color driver for pdftex
))
\Gin@req@height=\dimen144
\Gin@req@width=\dimen145
) (d:/texlive/2023/texmf-dist/tex/latex/hyperref/hyperref.sty
Package: hyperref 2023-07-08 v7.01b Hypertext links for LaTeX
 (d:/texlive/2023/texmf-dist/tex/generic/ltxcmds/ltxcmds.sty
Package: ltxcmds 2020-05-10 v1.25 LaTeX kernel commands for general use (HO)
) (d:/texlive/2023/texmf-dist/tex/generic/pdftexcmds/pdftexcmds.sty
Package: pdftexcmds 2020-06-27 v0.33 Utility functions of pdfTeX for LuaTeX (HO)
 (d:/texlive/2023/texmf-dist/tex/generic/infwarerr/infwarerr.sty
Package: infwarerr 2019/12/03 v1.5 Providing info/warning/error messages (HO)
)
Package pdftexcmds Info: \pdf@primitive is available.
Package pdftexcmds Info: \pdf@ifprimitive is available.
Package pdftexcmds Info: \pdfdraftmode found.
) (d:/texlive/2023/texmf-dist/tex/latex/kvsetkeys/kvsetkeys.sty
Package: kvsetkeys 2022-10-05 v1.19 Key value parser (HO)
) (d:/texlive/2023/texmf-dist/tex/generic/kvdefinekeys/kvdefinekeys.sty
Package: kvdefinekeys 2019-12-19 v1.6 Define keys (HO)
) (d:/texlive/2023/texmf-dist/tex/generic/pdfescape/pdfescape.sty
Package: pdfescape 2019/12/09 v1.15 Implements pdfTeX's escape features (HO)
) (d:/texlive/2023/texmf-dist/tex/latex/hycolor/hycolor.sty
Package: hycolor 2020-01-27 v1.10 Color options for hyperref/bookmark (HO)
) (d:/texlive/2023/texmf-dist/tex/latex/letltxmacro/letltxmacro.sty
Package: letltxmacro 2019/12/03 v1.6 Let assignment for LaTeX macros (HO)
) (d:/texlive/2023/texmf-dist/tex/latex/auxhook/auxhook.sty
Package: auxhook 2019-12-17 v1.6 Hooks for auxiliary files (HO)
) (d:/texlive/2023/texmf-dist/tex/latex/hyperref/nameref.sty
Package: nameref 2023-08-07 v2.53 Cross-referencing by name of section
 (d:/texlive/2023/texmf-dist/tex/latex/refcount/refcount.sty
Package: refcount 2019/12/15 v3.6 Data extraction from label references (HO)
) (d:/texlive/2023/texmf-dist/tex/generic/gettitlestring/gettitlestring.sty
Package: gettitlestring 2019/12/15 v1.6 Cleanup title references (HO)
 (d:/texlive/2023/texmf-dist/tex/latex/kvoptions/kvoptions.sty
Package: kvoptions 2022-06-15 v3.15 Key value format for package options (HO)
))
\c@section@level=\count270
) (d:/texlive/2023/texmf-dist/tex/latex/etoolbox/etoolbox.sty
Package: etoolbox 2020/10/05 v2.5k e-TeX tools for LaTeX (JAW)
\etb@tempcnta=\count271
)
\@linkdim=\dimen146
\Hy@linkcounter=\count272
\Hy@pagecounter=\count273
 (d:/texlive/2023/texmf-dist/tex/latex/hyperref/pd1enc.def
File: pd1enc.def 2023-07-08 v7.01b Hyperref: PDFDocEncoding definition (HO)
Now handling font encoding PD1 ...
... no UTF-8 mapping file for font encoding PD1
) (d:/texlive/2023/texmf-dist/tex/generic/intcalc/intcalc.sty
Package: intcalc 2019/12/15 v1.3 Expandable calculations with integers (HO)
)
\Hy@SavedSpaceFactor=\count274
 (d:/texlive/2023/texmf-dist/tex/latex/hyperref/puenc.def
File: puenc.def 2023-07-08 v7.01b Hyperref: PDF Unicode definition (HO)
Now handling font encoding PU ...
... no UTF-8 mapping file for font encoding PU
)
Package hyperref Info: Option `unicode' set `true' on input line 4050.
Package hyperref Info: Hyper figures OFF on input line 4167.
Package hyperref Info: Link nesting OFF on input line 4172.
Package hyperref Info: Hyper index ON on input line 4175.
Package hyperref Info: Plain pages OFF on input line 4182.
Package hyperref Info: Backreferencing OFF on input line 4187.
Package hyperref Info: Implicit mode ON; LaTeX internals redefined.
Package hyperref Info: Bookmarks ON on input line 4434.
\c@Hy@tempcnt=\count275
 (d:/texlive/2023/texmf-dist/tex/latex/url/url.sty
\Urlmuskip=\muskip16
Package: url 2013/09/16  ver 3.4  Verb mode for urls, etc.
)
LaTeX Info: Redefining \url on input line 4772.
\XeTeXLinkMargin=\dimen147
 (d:/texlive/2023/texmf-dist/tex/generic/bitset/bitset.sty
Package: bitset 2019/12/09 v1.3 Handle bit-vector datatype (HO)
 (d:/texlive/2023/texmf-dist/tex/generic/bigintcalc/bigintcalc.sty
Package: bigintcalc 2019/12/15 v1.5 Expandable calculations on big integers (HO)
))
\Fld@menulength=\count276
\Field@Width=\dimen148
\Fld@charsize=\dimen149
Package hyperref Info: Hyper figures OFF on input line 6051.
Package hyperref Info: Link nesting OFF on input line 6056.
Package hyperref Info: Hyper index ON on input line 6059.
Package hyperref Info: backreferencing OFF on input line 6066.
Package hyperref Info: Link coloring OFF on input line 6071.
Package hyperref Info: Link coloring with OCG OFF on input line 6076.
Package hyperref Info: PDF/A mode OFF on input line 6081.
 (d:/texlive/2023/texmf-dist/tex/latex/base/atbegshi-ltx.sty
Package: atbegshi-ltx 2021/01/10 v1.0c Emulation of the original atbegshi
package with kernel methods
)
\Hy@abspage=\count277
\c@Item=\count278
\c@Hfootnote=\count279
)
Package hyperref Info: Driver (autodetected): hpdftex.
 (d:/texlive/2023/texmf-dist/tex/latex/hyperref/hpdftex.def
File: hpdftex.def 2023-07-08 v7.01b Hyperref driver for pdfTeX
 (d:/texlive/2023/texmf-dist/tex/latex/base/atveryend-ltx.sty
Package: atveryend-ltx 2020/08/19 v1.0a Emulation of the original atveryend package
with kernel methods
)
\Fld@listcount=\count280
\c@bookmark@seq@number=\count281
 (d:/texlive/2023/texmf-dist/tex/latex/rerunfilecheck/rerunfilecheck.sty
Package: rerunfilecheck 2022-07-10 v1.10 Rerun checks for auxiliary files (HO)
 (d:/texlive/2023/texmf-dist/tex/generic/uniquecounter/uniquecounter.sty
Package: uniquecounter 2019/12/15 v1.4 Provide unlimited unique counter (HO)
)
Package uniquecounter Info: New unique counter `rerunfilecheck' on input line 285.
)
\Hy@SectionHShift=\skip51
)
Package hyperref Info: Option `colorlinks' set `true' on input line 10.
 (d:/texlive/2023/texmf-dist/tex/latex/cjk/texinput/UTF8/UTF8.enc
File: UTF8.enc 2021/10/16 4.8.5
) (d:/texlive/2023/texmf-dist/tex/latex/cjk/texinput/UTF8/UTF8.chr
File: UTF8.chr 2021/10/16 4.8.5
) (./DTree.aux)
\openout1 = `DTree.aux'.

LaTeX Font Info:    Checking defaults for OML/cmm/m/it on input line 16.
LaTeX Font Info:    ... okay on input line 16.
LaTeX Font Info:    Checking defaults for OMS/cmsy/m/n on input line 16.
LaTeX Font Info:    ... okay on input line 16.
LaTeX Font Info:    Checking defaults for OT1/cmr/m/n on input line 16.
LaTeX Font Info:    ... okay on input line 16.
LaTeX Font Info:    Checking defaults for T1/cmr/m/n on input line 16.
LaTeX Font Info:    ... okay on input line 16.
LaTeX Font Info:    Checking defaults for TS1/cmr/m/n on input line 16.
LaTeX Font Info:    ... okay on input line 16.
LaTeX Font Info:    Checking defaults for OMX/cmex/m/n on input line 16.
LaTeX Font Info:    ... okay on input line 16.
LaTeX Font Info:    Checking defaults for U/cmr/m/n on input line 16.
LaTeX Font Info:    ... okay on input line 16.
LaTeX Font Info:    Checking defaults for C00/song/m/n on input line 16.
LaTeX Font Info:    ... okay on input line 16.
LaTeX Font Info:    Checking defaults for C05/song/m/n on input line 16.
LaTeX Font Info:    ... okay on input line 16.
LaTeX Font Info:    Checking defaults for C09/song/m/n on input line 16.
LaTeX Font Info:    ... okay on input line 16.
LaTeX Font Info:    Checking defaults for C10/song/m/n on input line 16.
LaTeX Font Info:    ... okay on input line 16.
LaTeX Font Info:    Checking defaults for C20/song/m/n on input line 16.
LaTeX Font Info:    ... okay on input line 16.
LaTeX Font Info:    Checking defaults for C19/song/m/n on input line 16.
LaTeX Font Info:    ... okay on input line 16.
LaTeX Font Info:    Checking defaults for C40/song/m/n on input line 16.
LaTeX Font Info:    ... okay on input line 16.
LaTeX Font Info:    Checking defaults for C42/song/m/n on input line 16.
LaTeX Font Info:    ... okay on input line 16.
LaTeX Font Info:    Checking defaults for C43/song/m/n on input line 16.
LaTeX Font Info:    ... okay on input line 16.
LaTeX Font Info:    Checking defaults for C50/song/m/n on input line 16.
LaTeX Font Info:    ... okay on input line 16.
LaTeX Font Info:    Checking defaults for C52/song/m/n on input line 16.
LaTeX Font Info:    ... okay on input line 16.
LaTeX Font Info:    Checking defaults for C49/song/m/n on input line 16.
LaTeX Font Info:    ... okay on input line 16.
LaTeX Font Info:    Checking defaults for C60/mj/m/n on input line 16.
LaTeX Font Info:    ... okay on input line 16.
LaTeX Font Info:    Checking defaults for C61/mj/m/n on input line 16.
LaTeX Font Info:    ... okay on input line 16.
LaTeX Font Info:    Checking defaults for C63/mj/m/n on input line 16.
LaTeX Font Info:    ... okay on input line 16.
LaTeX Font Info:    Checking defaults for C64/mj/m/n on input line 16.
LaTeX Font Info:    ... okay on input line 16.
LaTeX Font Info:    Checking defaults for C65/mj/m/n on input line 16.
LaTeX Font Info:    ... okay on input line 16.
LaTeX Font Info:    Checking defaults for C70/song/m/n on input line 16.
LaTeX Font Info:    ... okay on input line 16.
LaTeX Font Info:    Checking defaults for C31/song/m/n on input line 16.
LaTeX Font Info:    ... okay on input line 16.
LaTeX Font Info:    Checking defaults for C32/song/m/n on input line 16.
LaTeX Font Info:    ... okay on input line 16.
LaTeX Font Info:    Checking defaults for C33/song/m/n on input line 16.
LaTeX Font Info:    ... okay on input line 16.
LaTeX Font Info:    Checking defaults for C34/song/m/n on input line 16.
LaTeX Font Info:    ... okay on input line 16.
LaTeX Font Info:    Checking defaults for C35/song/m/n on input line 16.
LaTeX Font Info:    ... okay on input line 16.
LaTeX Font Info:    Checking defaults for C36/song/m/n on input line 16.
LaTeX Font Info:    ... okay on input line 16.
LaTeX Font Info:    Checking defaults for C37/song/m/n on input line 16.
LaTeX Font Info:    ... okay on input line 16.
LaTeX Font Info:    Checking defaults for C80/song/m/n on input line 16.
LaTeX Font Info:    ... okay on input line 16.
LaTeX Font Info:    Checking defaults for C81/song/m/n on input line 16.
LaTeX Font Info:    ... okay on input line 16.
LaTeX Font Info:    Checking defaults for C01/song/m/n on input line 16.
LaTeX Font Info:    ... okay on input line 16.
LaTeX Font Info:    Checking defaults for C11/song/m/n on input line 16.
LaTeX Font Info:    ... okay on input line 16.
LaTeX Font Info:    Checking defaults for C21/song/m/n on input line 16.
LaTeX Font Info:    ... okay on input line 16.
LaTeX Font Info:    Checking defaults for C41/song/m/n on input line 16.
LaTeX Font Info:    ... okay on input line 16.
LaTeX Font Info:    Checking defaults for C62/song/m/n on input line 16.
LaTeX Font Info:    ... okay on input line 16.
LaTeX Font Info:    Checking defaults for PD1/pdf/m/n on input line 16.
LaTeX Font Info:    ... okay on input line 16.
LaTeX Font Info:    Checking defaults for PU/pdf/m/n on input line 16.
LaTeX Font Info:    ... okay on input line 16.
 (d:/texlive/2023/texmf-dist/tex/context/base/mkii/supp-pdf.mkii
[Loading MPS to PDF converter (version 2006.09.02).]
\scratchcounter=\count282
\scratchdimen=\dimen150
\scratchbox=\box54
\nofMPsegments=\count283
\nofMParguments=\count284
\everyMPshowfont=\toks20
\MPscratchCnt=\count285
\MPscratchDim=\dimen151
\MPnumerator=\count286
\makeMPintoPDFobject=\count287
\everyMPtoPDFconversion=\toks21
) (d:/texlive/2023/texmf-dist/tex/latex/epstopdf-pkg/epstopdf-base.sty
Package: epstopdf-base 2020-01-24 v2.11 Base part for package epstopdf
Package epstopdf-base Info: Redefining graphics rule for `.eps' on input line 485.
 (d:/texlive/2023/texmf-dist/tex/latex/latexconfig/epstopdf-sys.cfg
File: epstopdf-sys.cfg 2010/07/13 v1.3 Configuration of (r)epstopdf for TeX Live
)) (d:/texlive/2023/texmf-dist/tex/latex/graphics/color.sty
Package: color 2022/01/06 v1.3d Standard LaTeX Color (DPC)
 (d:/texlive/2023/texmf-dist/tex/latex/graphics-cfg/color.cfg
File: color.cfg 2016/01/02 v1.6 sample color configuration
)
Package color Info: Driver file: pdftex.def on input line 149.
 (d:/texlive/2023/texmf-dist/tex/latex/graphics/mathcolor.ltx))
Package hyperref Info: Link coloring ON on input line 16.
 (./DTree.out) (./DTree.out)
\@outlinefile=\write3
\openout3 = `DTree.out'.

LaTeX Font Info:    Trying to load font information for C70+rm on input line 18.
 (d:/texlive/2023/texmf-dist/tex/latex/ctex/fd/c70rm.fd
File: c70rm.fd 2022/07/14 v2.5.10 Chinese font definition (CTEX)
)
LaTeX Font Info:    External font `cmex10' loaded for size
(Font)              <12.045> on input line 18.
LaTeX Font Info:    External font `cmex10' loaded for size
(Font)              <8> on input line 18.
LaTeX Font Info:    External font `cmex10' loaded for size
(Font)              <6> on input line 18.
 (d:/texlive/2023/texmf-dist/tex/generic/ctex/zhmap/ctex-zhmap-windows.tex
File: ctex-zhmap-windows.tex 2022/07/14 v2.5.10 Windows font map loader for pdfTeX and DVIPDFMx (CTEX)
{d:/texlive/2023/texmf-var/fonts/map/pdftex/updmap/pdftex.map}{UGBK.sfd}{Unicode.sfd}) [1

]
Package CJKpunct Info: use punctuation spaces for family 'rm' with punctstyle (quanjiao) on input line 20.
<code_screenshot/datasrc.png, id=88, 1353.25575pt x 864.22874pt>
File: code_screenshot/datasrc.png Graphic file (type png)
<use code_screenshot/datasrc.png>
Package pdftex.def Info: code_screenshot/datasrc.png  used on input line 22.
(pdftex.def)             Requested size: 345.0pt x 220.31607pt.
<code_screenshot/dataclean.png, id=101, 394.47375pt x 152.36925pt>
File: code_screenshot/dataclean.png Graphic file (type png)
<use code_screenshot/dataclean.png>
Package pdftex.def Info: code_screenshot/dataclean.png  used on input line 24.
(pdftex.def)             Requested size: 345.0pt x 133.25998pt.

Underfull \hbox (badness 10000) in paragraph at lines 20--25

 []

<code_screenshot/DTreeMain.png, id=111, 612.48825pt x 136.1085pt>
File: code_screenshot/DTreeMain.png Graphic file (type png)
<use code_screenshot/DTreeMain.png>
Package pdftex.def Info: code_screenshot/DTreeMain.png  used on input line 29.
(pdftex.def)             Requested size: 345.0pt x 76.66882pt.

Underfull \hbox (badness 10000) in paragraph at lines 26--30

 []

[2 <./code_screenshot/datasrc.png> <./code_screenshot/dataclean.png>]
<../python/result/compare_4_to_12.png, id=150, 578.16pt x 433.62pt>
File: ../python/result/compare_4_to_12.png Graphic file (type png)
<use ../python/result/compare_4_to_12.png>
Package pdftex.def Info: ../python/result/compare_4_to_12.png  used on input line 32.
(pdftex.def)             Requested size: 310.4979pt x 232.87433pt.

Overfull \hbox (33.39267pt too wide) in paragraph at lines 31--33
[]\C70/rm/m/n/10.53937/52 ^^F + \C70/rm/m/n/10.53937/57 ( \C70/rm/m/n/10.53937/67 ^^@ \C70/rm/m/n/10.53937/59 ' \C70/rm/m/n/10.53937/68 ^^Q \C70/rm/m/n/10.53937/9a Ø \C70/rm/m/n/10.53937/5e ¦\OT1/cmr/m/n/10.53937 4\C70/rm/m/n/10.53937/52 0\OT1/cmr/m/n/10.53937 12\C70/rm/m/n/10.53937/76 „ \C70/rm/m/n/10.53937/60 Å \C70/rm/m/n/10.53937/51 µ \C70/rm/m/n/10.53937/4e  \C70/rm/m/n/10.53937/5b ù \C70/rm/m/n/10.53937/51 ³ \C70/rm/m/n/10.53937/7b V \C70/rm/m/n/10.53937/68 ^^Q \C70/rm/m/n/10.53937/8f Û \C70/rm/m/n/10.53937/88 L \C70/rm/m/n/10.53937/8b Ä \C70/rm/m/n/10.53937/4f 0|\C70/rm/m/n/10.53937/30 ^^B| \C70/rm/m/n/10.53937/9a Œ \C70/rm/m/n/10.53937/8b Á \C70/rm/m/n/10.53937/96 Æ \C70/rm/m/n/10.53937/4e :\OT1/cmr/m/n/10.53937 F1-Micro\C70/rm/m/n/10.53937/54 Œ\OT1/cmr/m/n/10.53937 F1-
 []


Underfull \hbox (badness 10000) in paragraph at lines 31--33

 []

<../python/result/tree_dep=4_rand=41.png, id=152, 3468.96pt x 2457.18pt>
File: ../python/result/tree_dep=4_rand=41.png Graphic file (type png)
<use ../python/result/tree_dep=4_rand=41.png>
Package pdftex.def Info: ../python/result/tree_dep=4_rand=41.png  used on input line 35.
(pdftex.def)             Requested size: 345.0pt x 244.34514pt.
<../python/result/score_dep=4_rand=41.png, id=153, 578.16pt x 433.62pt>
File: ../python/result/score_dep=4_rand=41.png Graphic file (type png)
<use ../python/result/score_dep=4_rand=41.png>
Package pdftex.def Info: ../python/result/score_dep=4_rand=41.png  used on input line 36.
(pdftex.def)             Requested size: 345.0pt x 258.74484pt.

Overfull \hbox (21.07874pt too wide) in paragraph at lines 35--37
[][] 
 []


Underfull \hbox (badness 10000) in paragraph at lines 35--37

 []

[3 <./code_screenshot/DTreeMain.png> <../python/result/compare_4_to_12.png>] [4]
Overfull \vbox (4.37326pt too high) has occurred while \output is active []

 [5 <../python/result/tree_dep=4_rand=41.png> <../python/result/score_dep=4_rand=41.png>]
<../python/result/tree_dep=5_rand=41.png, id=192, 3613.5pt x 2529.45pt>
File: ../python/result/tree_dep=5_rand=41.png Graphic file (type png)
<use ../python/result/tree_dep=5_rand=41.png>
Package pdftex.def Info: ../python/result/tree_dep=5_rand=41.png  used on input line 38.
(pdftex.def)             Requested size: 345.0pt x 241.49673pt.
<../python/result/score_dep=5_rand=41.png, id=193, 578.16pt x 433.62pt>
File: ../python/result/score_dep=5_rand=41.png Graphic file (type png)
<use ../python/result/score_dep=5_rand=41.png>
Package pdftex.def Info: ../python/result/score_dep=5_rand=41.png  used on input line 39.
(pdftex.def)             Requested size: 345.0pt x 258.74484pt.

Overfull \hbox (21.07874pt too wide) in paragraph at lines 38--40
[][] 
 []


Underfull \hbox (badness 10000) in paragraph at lines 38--40

 []

[6]
<../python/result/tree_dep=6_rand=41.png, id=198, 3758.04pt x 2601.72pt>
File: ../python/result/tree_dep=6_rand=41.png Graphic file (type png)
<use ../python/result/tree_dep=6_rand=41.png>
Package pdftex.def Info: ../python/result/tree_dep=6_rand=41.png  used on input line 41.
(pdftex.def)             Requested size: 172.5pt x 119.41458pt.
<../python/result/score_dep=6_rand=41.png, id=199, 578.16pt x 433.62pt>
File: ../python/result/score_dep=6_rand=41.png Graphic file (type png)
<use ../python/result/score_dep=6_rand=41.png>
Package pdftex.def Info: ../python/result/score_dep=6_rand=41.png  used on input line 42.
(pdftex.def)             Requested size: 172.5pt x 129.37242pt.
<../python/result/tree_dep=7_rand=41.png, id=200, 3902.58pt x 2673.99pt>
File: ../python/result/tree_dep=7_rand=41.png Graphic file (type png)
<use ../python/result/tree_dep=7_rand=41.png>
Package pdftex.def Info: ../python/result/tree_dep=7_rand=41.png  used on input line 43.
(pdftex.def)             Requested size: 172.5pt x 118.16187pt.
<../python/result/score_dep=7_rand=41.png, id=201, 578.16pt x 433.62pt>
File: ../python/result/score_dep=7_rand=41.png Graphic file (type png)
<use ../python/result/score_dep=7_rand=41.png>
Package pdftex.def Info: ../python/result/score_dep=7_rand=41.png  used on input line 44.
(pdftex.def)             Requested size: 172.5pt x 129.37242pt.
<../python/result/tree_dep=8_rand=41.png, id=202, 4047.12pt x 2746.26pt>
File: ../python/result/tree_dep=8_rand=41.png Graphic file (type png)
<use ../python/result/tree_dep=8_rand=41.png>
Package pdftex.def Info: ../python/result/tree_dep=8_rand=41.png  used on input line 45.
(pdftex.def)             Requested size: 172.5pt x 117.03926pt.
<../python/result/score_dep=8_rand=41.png, id=203, 578.16pt x 433.62pt>
File: ../python/result/score_dep=8_rand=41.png Graphic file (type png)
<use ../python/result/score_dep=8_rand=41.png>
Package pdftex.def Info: ../python/result/score_dep=8_rand=41.png  used on input line 46.
(pdftex.def)             Requested size: 172.5pt x 129.37242pt.
<../python/result/tree_dep=9_rand=41.png, id=204, 4191.66pt x 2818.53pt>
File: ../python/result/tree_dep=9_rand=41.png Graphic file (type png)
<use ../python/result/tree_dep=9_rand=41.png>
Package pdftex.def Info: ../python/result/tree_dep=9_rand=41.png  used on input line 47.
(pdftex.def)             Requested size: 172.5pt x 115.99054pt.
<../python/result/score_dep=9_rand=41.png, id=205, 578.16pt x 433.62pt>
File: ../python/result/score_dep=9_rand=41.png Graphic file (type png)
<use ../python/result/score_dep=9_rand=41.png>
Package pdftex.def Info: ../python/result/score_dep=9_rand=41.png  used on input line 48.
(pdftex.def)             Requested size: 172.5pt x 129.37242pt.
<../python/result/tree_dep=10_rand=41.png, id=206, 4336.2pt x 2890.8pt>
File: ../python/result/tree_dep=10_rand=41.png Graphic file (type png)
<use ../python/result/tree_dep=10_rand=41.png>
Package pdftex.def Info: ../python/result/tree_dep=10_rand=41.png  used on input line 49.
(pdftex.def)             Requested size: 172.5pt x 114.99477pt.
<../python/result/score_dep=10_rand=41.png, id=207, 578.16pt x 433.62pt>
File: ../python/result/score_dep=10_rand=41.png Graphic file (type png)
<use ../python/result/score_dep=10_rand=41.png>
Package pdftex.def Info: ../python/result/score_dep=10_rand=41.png  used on input line 50.
(pdftex.def)             Requested size: 172.5pt x 129.37242pt.
<../python/result/tree_dep=11_rand=41.png, id=208, 4480.74pt x 2963.07pt>
File: ../python/result/tree_dep=11_rand=41.png Graphic file (type png)
<use ../python/result/tree_dep=11_rand=41.png>
Package pdftex.def Info: ../python/result/tree_dep=11_rand=41.png  used on input line 51.
(pdftex.def)             Requested size: 172.5pt x 114.07176pt.
<../python/result/score_dep=11_rand=41.png, id=209, 578.16pt x 433.62pt>
File: ../python/result/score_dep=11_rand=41.png Graphic file (type png)
<use ../python/result/score_dep=11_rand=41.png>
Package pdftex.def Info: ../python/result/score_dep=11_rand=41.png  used on input line 52.
(pdftex.def)             Requested size: 172.5pt x 129.37242pt.
<../python/result/tree_dep=12_rand=41.png, id=210, 4625.28pt x 3035.34pt>
File: ../python/result/tree_dep=12_rand=41.png Graphic file (type png)
<use ../python/result/tree_dep=12_rand=41.png>
Package pdftex.def Info: ../python/result/tree_dep=12_rand=41.png  used on input line 53.
(pdftex.def)             Requested size: 172.5pt x 113.19507pt.
<../python/result/score_dep=12_rand=41.png, id=211, 578.16pt x 433.62pt>
File: ../python/result/score_dep=12_rand=41.png Graphic file (type png)
<use ../python/result/score_dep=12_rand=41.png>
Package pdftex.def Info: ../python/result/score_dep=12_rand=41.png  used on input line 54.
(pdftex.def)             Requested size: 172.5pt x 129.37242pt.

Overfull \hbox (23.42082pt too wide) in paragraph at lines 41--55
[][] [] 
 []


Overfull \hbox (2.34209pt too wide) in paragraph at lines 41--55
[] [] 
 []


Overfull \hbox (2.34209pt too wide) in paragraph at lines 41--55
[] [] 
 []


Overfull \hbox (2.34209pt too wide) in paragraph at lines 41--55
[] [] 
 []


Overfull \hbox (2.34209pt too wide) in paragraph at lines 41--55
[] [] 
 []


Overfull \hbox (2.34209pt too wide) in paragraph at lines 41--55
[] [] 
 []


Overfull \hbox (2.34209pt too wide) in paragraph at lines 41--55
[] [] 
 []


Underfull \hbox (badness 10000) in paragraph at lines 41--55

 []

[7 <../python/result/tree_dep=5_rand=41.png> <../python/result/score_dep=5_rand=41.png>] [8 <../python/result/tree_dep=6_rand=41.png> <../python/result/score_dep=6_rand=41.png> <../python/result/tree_dep=7_rand=41.png>
!pdfTeX error: pdflatex.exe: fflush() failed (Invalid argument)
 ==> Fatal error occurred, no output PDF file produced!
